# JRE version: OpenJDK Runtime Environment Temurin-21.0.6+7 (21.0.6+7) (build 21.0.6+7-LTS)
# Java VM: OpenJDK 64-Bit Server VM Temurin-21.0.6+7 (21.0.6+7-LTS, mixed mode, sharing, tiered, compressed oops, compressed class ptrs, g1 gc, windows-amd64)
GC Precious Log:
 CardTable entry size: 512
 Card Set container configuration: InlinePtr #cards 5 size 8 Array Of Cards #cards 12 size 40 Howl #buckets 4 coarsen threshold 1843 Howl Bitmap #cards 512 size 80 coarsen threshold 460 Card regions per heap region 1 cards per card region 2048
 CPUs: 20 total, 20 available
 Memory: 24280M
 Large Page Support: Disabled
 NUMA Support: Disabled
 Compressed Oops: Enabled (32-bit)
 Heap Region Size: 1M
 Heap Min Capacity: 256M
 Heap Initial Capacity: 256M
 Heap Max Capacity: 512M
 Pre-touch: Disabled
 Parallel Workers: 15
 Concurrent Workers: 4
 Concurrent Refinement Workers: 15
 Periodic GC: Disabled
Heap:
 garbage-first heap   total 374784K, used 332146K [0x00000000e0000000, 0x0000000100000000)
  region size 1024K, 168 young (172032K), 8 survivors (8192K)
 Metaspace       used 106463K, committed 108160K, reserved 458752K
  class space    used 13509K, committed 14336K, reserved 327680K
GC Heap History (20 events):
Event: 1861.373 GC heap before
{Heap before GC invocations=61 (full 0):
 garbage-first heap   total 342016K, used 289355K [0x00000000e0000000, 0x0000000100000000)
  region size 1024K, 164 young (167936K), 18 survivors (18432K)
 Metaspace       used 96761K, committed 99136K, reserved 458752K
  class space    used 12304K, committed 13888K, reserved 327680K
}
Event: 1861.383 GC heap after
{Heap after GC invocations=62 (full 0):
 garbage-first heap   total 342016K, used 136186K [0x00000000e0000000, 0x0000000100000000)
  region size 1024K, 9 young (9216K), 9 survivors (9216K)
 Metaspace       used 96761K, committed 99136K, reserved 458752K
  class space    used 12304K, committed 13888K, reserved 327680K
}
Event: 2042.669 GC heap before
{Heap before GC invocations=63 (full 0):
 garbage-first heap   total 342016K, used 303098K [0x00000000e0000000, 0x0000000100000000)
  region size 1024K, 172 young (176128K), 9 survivors (9216K)
 Metaspace       used 96936K, committed 99392K, reserved 458752K
  class space    used 12309K, committed 13888K, reserved 327680K
}
Event: 2042.676 GC heap after
{Heap after GC invocations=64 (full 0):
 garbage-first heap   total 342016K, used 140454K [0x00000000e0000000, 0x0000000100000000)
  region size 1024K, 15 young (15360K), 15 survivors (15360K)
 Metaspace       used 96936K, committed 99392K, reserved 458752K
  class space    used 12309K, committed 13888K, reserved 327680K
}
Event: 2045.814 GC heap before
{Heap before GC invocations=64 (full 0):
 garbage-first heap   total 342016K, used 301222K [0x00000000e0000000, 0x0000000100000000)
  region size 1024K, 173 young (177152K), 15 survivors (15360K)
 Metaspace       used 98747K, committed 100992K, reserved 458752K
  class space    used 12519K, committed 13888K, reserved 327680K
}
Event: 2045.826 GC heap after
{Heap after GC invocations=65 (full 0):
 garbage-first heap   total 342016K, used 140920K [0x00000000e0000000, 0x0000000100000000)
  region size 1024K, 12 young (12288K), 12 survivors (12288K)
 Metaspace       used 98747K, committed 100992K, reserved 458752K
  class space    used 12519K, committed 13888K, reserved 327680K
}
Event: 2047.027 GC heap before
{Heap before GC invocations=65 (full 0):
 garbage-first heap   total 342016K, used 224888K [0x00000000e0000000, 0x0000000100000000)
  region size 1024K, 96 young (98304K), 12 survivors (12288K)
 Metaspace       used 98849K, committed 101120K, reserved 458752K
  class space    used 12528K, committed 13888K, reserved 327680K
}
Event: 2047.034 GC heap after
{Heap after GC invocations=66 (full 0):
 garbage-first heap   total 342016K, used 145277K [0x00000000e0000000, 0x0000000100000000)
  region size 1024K, 16 young (16384K), 16 survivors (16384K)
 Metaspace       used 98849K, committed 101120K, reserved 458752K
  class space    used 12528K, committed 13888K, reserved 327680K
}
Event: 2050.799 GC heap before
{Heap before GC invocations=67 (full 0):
 garbage-first heap   total 342016K, used 327549K [0x00000000e0000000, 0x0000000100000000)
  region size 1024K, 173 young (177152K), 16 survivors (16384K)
 Metaspace       used 96540K, committed 100800K, reserved 458752K
  class space    used 12234K, committed 13888K, reserved 327680K
}
Event: 2050.810 GC heap after
{Heap after GC invocations=68 (full 0):
 garbage-first heap   total 362496K, used 164038K [0x00000000e0000000, 0x0000000100000000)
  region size 1024K, 22 young (22528K), 22 survivors (22528K)
 Metaspace       used 96540K, committed 100800K, reserved 458752K
  class space    used 12234K, committed 13888K, reserved 327680K
}
Event: 2133.113 GC heap before
{Heap before GC invocations=68 (full 0):
 garbage-first heap   total 362496K, used 315590K [0x00000000e0000000, 0x0000000100000000)
  region size 1024K, 171 young (175104K), 22 survivors (22528K)
 Metaspace       used 96888K, committed 100800K, reserved 458752K
  class space    used 12260K, committed 13888K, reserved 327680K
}
Event: 2133.126 GC heap after
{Heap after GC invocations=69 (full 0):
 garbage-first heap   total 362496K, used 139935K [0x00000000e0000000, 0x0000000100000000)
  region size 1024K, 11 young (11264K), 11 survivors (11264K)
 Metaspace       used 96888K, committed 100800K, reserved 458752K
  class space    used 12260K, committed 13888K, reserved 327680K
}
Event: 2135.760 GC heap before
{Heap before GC invocations=69 (full 0):
 garbage-first heap   total 362496K, used 200351K [0x00000000e0000000, 0x0000000100000000)
  region size 1024K, 72 young (73728K), 11 survivors (11264K)
 Metaspace       used 105205K, committed 106816K, reserved 458752K
  class space    used 13285K, committed 14080K, reserved 327680K
}
Event: 2135.770 GC heap after
{Heap after GC invocations=70 (full 0):
 garbage-first heap   total 362496K, used 140240K [0x00000000e0000000, 0x0000000100000000)
  region size 1024K, 12 young (12288K), 12 survivors (12288K)
 Metaspace       used 105205K, committed 106816K, reserved 458752K
  class space    used 13285K, committed 14080K, reserved 327680K
}
Event: 2139.738 GC heap before
{Heap before GC invocations=71 (full 0):
 garbage-first heap   total 362496K, used 321488K [0x00000000e0000000, 0x0000000100000000)
  region size 1024K, 190 young (194560K), 12 survivors (12288K)
 Metaspace       used 105148K, committed 106816K, reserved 458752K
  class space    used 13279K, committed 14144K, reserved 327680K
}
Event: 2139.749 GC heap after
{Heap after GC invocations=72 (full 0):
 garbage-first heap   total 362496K, used 156204K [0x00000000e0000000, 0x0000000100000000)
  region size 1024K, 24 young (24576K), 24 survivors (24576K)
 Metaspace       used 105148K, committed 106816K, reserved 458752K
  class space    used 13279K, committed 14144K, reserved 327680K
}
Event: 2143.615 GC heap before
{Heap before GC invocations=72 (full 0):
 garbage-first heap   total 362496K, used 336428K [0x00000000e0000000, 0x0000000100000000)
  region size 1024K, 182 young (186368K), 24 survivors (24576K)
 Metaspace       used 105332K, committed 107008K, reserved 458752K
  class space    used 13298K, committed 14144K, reserved 327680K
}
Event: 2143.635 GC heap after
{Heap after GC invocations=73 (full 0):
 garbage-first heap   total 374784K, used 146196K [0x00000000e0000000, 0x0000000100000000)
  region size 1024K, 8 young (8192K), 8 survivors (8192K)
 Metaspace       used 105332K, committed 107008K, reserved 458752K
  class space    used 13298K, committed 14144K, reserved 327680K
}
Event: 2143.740 GC heap before
{Heap before GC invocations=73 (full 0):
 garbage-first heap   total 374784K, used 146196K [0x00000000e0000000, 0x0000000100000000)
  region size 1024K, 10 young (10240K), 8 survivors (8192K)
 Metaspace       used 105332K, committed 107008K, reserved 458752K
  class space    used 13298K, committed 14144K, reserved 327680K
}
Event: 2143.745 GC heap after
{Heap after GC invocations=74 (full 0):
 garbage-first heap   total 374784K, used 145778K [0x00000000e0000000, 0x0000000100000000)
  region size 1024K, 8 young (8192K), 8 survivors (8192K)
 Metaspace       used 105332K, committed 107008K, reserved 458752K
  class space    used 13298K, committed 14144K, reserved 327680K
}

