# JRE version: OpenJDK Runtime Environment Temurin-21.0.6+7 (21.0.6+7) (build 21.0.6+7-LTS)
# Java VM: OpenJDK 64-Bit Server VM Temurin-21.0.6+7 (21.0.6+7-LTS, mixed mode, sharing, tiered, compressed oops, compressed class ptrs, g1 gc, windows-amd64)
GC Precious Log:
 CardTable entry size: 512
 Card Set container configuration: InlinePtr #cards 5 size 8 Array Of Cards #cards 12 size 40 Howl #buckets 4 coarsen threshold 1843 Howl Bitmap #cards 512 size 80 coarsen threshold 460 Card regions per heap region 1 cards per card region 2048
 CPUs: 20 total, 20 available
 Memory: 24280M
 Large Page Support: Disabled
 NUMA Support: Disabled
 Compressed Oops: Enabled (32-bit)
 Heap Region Size: 1M
 Heap Min Capacity: 256M
 Heap Initial Capacity: 256M
 Heap Max Capacity: 512M
 Pre-touch: Disabled
 Parallel Workers: 15
 Concurrent Workers: 4
 Concurrent Refinement Workers: 15
 Periodic GC: Disabled
Heap:
 garbage-first heap   total 262144K, used 195457K [0x00000000e0000000, 0x0000000100000000)
  region size 1024K, 153 young (156672K), 17 survivors (17408K)
 Metaspace       used 74315K, committed 76608K, reserved 458752K
  class space    used 10229K, committed 11392K, reserved 327680K
GC Heap History (16 events):
Event: 0.215 GC heap before
{Heap before GC invocations=0 (full 0):
 garbage-first heap   total 262144K, used 22528K [0x00000000e0000000, 0x0000000100000000)
  region size 1024K, 23 young (23552K), 0 survivors (0K)
 Metaspace       used 888K, committed 1024K, reserved 393216K
  class space    used 68K, committed 128K, reserved 327680K
}
Event: 0.217 GC heap after
{Heap after GC invocations=1 (full 0):
 garbage-first heap   total 262144K, used 1744K [0x00000000e0000000, 0x0000000100000000)
  region size 1024K, 2 young (2048K), 2 survivors (2048K)
 Metaspace       used 888K, committed 1024K, reserved 393216K
  class space    used 68K, committed 128K, reserved 327680K
}
Event: 0.609 GC heap before
{Heap before GC invocations=1 (full 0):
 garbage-first heap   total 262144K, used 40656K [0x00000000e0000000, 0x0000000100000000)
  region size 1024K, 38 young (38912K), 2 survivors (2048K)
 Metaspace       used 4449K, committed 4608K, reserved 393216K
  class space    used 542K, committed 640K, reserved 327680K
}
Event: 0.612 GC heap after
{Heap after GC invocations=2 (full 0):
 garbage-first heap   total 262144K, used 10875K [0x00000000e0000000, 0x0000000100000000)
  region size 1024K, 5 young (5120K), 5 survivors (5120K)
 Metaspace       used 4449K, committed 4608K, reserved 393216K
  class space    used 542K, committed 640K, reserved 327680K
}
Event: 1.840 GC heap before
{Heap before GC invocations=2 (full 0):
 garbage-first heap   total 262144K, used 117371K [0x00000000e0000000, 0x0000000100000000)
  region size 1024K, 108 young (110592K), 5 survivors (5120K)
 Metaspace       used 16023K, committed 16512K, reserved 393216K
  class space    used 2153K, committed 2368K, reserved 327680K
}
Event: 1.846 GC heap after
{Heap after GC invocations=3 (full 0):
 garbage-first heap   total 262144K, used 21143K [0x00000000e0000000, 0x0000000100000000)
  region size 1024K, 14 young (14336K), 14 survivors (14336K)
 Metaspace       used 16023K, committed 16512K, reserved 393216K
  class space    used 2153K, committed 2368K, reserved 327680K
}
Event: 2.331 GC heap before
{Heap before GC invocations=3 (full 0):
 garbage-first heap   total 262144K, used 60055K [0x00000000e0000000, 0x0000000100000000)
  region size 1024K, 53 young (54272K), 14 survivors (14336K)
 Metaspace       used 20813K, committed 21504K, reserved 393216K
  class space    used 2960K, committed 3328K, reserved 327680K
}
Event: 2.337 GC heap after
{Heap after GC invocations=4 (full 0):
 garbage-first heap   total 262144K, used 24694K [0x00000000e0000000, 0x0000000100000000)
  region size 1024K, 13 young (13312K), 13 survivors (13312K)
 Metaspace       used 20813K, committed 21504K, reserved 393216K
  class space    used 2960K, committed 3328K, reserved 327680K
}
Event: 3.509 GC heap before
{Heap before GC invocations=5 (full 0):
 garbage-first heap   total 262144K, used 132214K [0x00000000e0000000, 0x0000000100000000)
  region size 1024K, 120 young (122880K), 13 survivors (13312K)
 Metaspace       used 34895K, committed 35968K, reserved 393216K
  class space    used 4876K, committed 5440K, reserved 327680K
}
Event: 3.517 GC heap after
{Heap after GC invocations=6 (full 0):
 garbage-first heap   total 262144K, used 33396K [0x00000000e0000000, 0x0000000100000000)
  region size 1024K, 12 young (12288K), 12 survivors (12288K)
 Metaspace       used 34895K, committed 35968K, reserved 393216K
  class space    used 4876K, committed 5440K, reserved 327680K
}
Event: 4.983 GC heap before
{Heap before GC invocations=7 (full 0):
 garbage-first heap   total 262144K, used 183924K [0x00000000e0000000, 0x0000000100000000)
  region size 1024K, 153 young (156672K), 12 survivors (12288K)
 Metaspace       used 49855K, committed 51584K, reserved 393216K
  class space    used 7081K, committed 7936K, reserved 327680K
}
Event: 4.992 GC heap after
{Heap after GC invocations=8 (full 0):
 garbage-first heap   total 262144K, used 39941K [0x00000000e0000000, 0x0000000100000000)
  region size 1024K, 16 young (16384K), 16 survivors (16384K)
 Metaspace       used 49855K, committed 51584K, reserved 393216K
  class space    used 7081K, committed 7936K, reserved 327680K
}
Event: 6.314 GC heap before
{Heap before GC invocations=8 (full 0):
 garbage-first heap   total 262144K, used 157701K [0x00000000e0000000, 0x0000000100000000)
  region size 1024K, 132 young (135168K), 16 survivors (16384K)
 Metaspace       used 58147K, committed 60096K, reserved 393216K
  class space    used 8229K, committed 9216K, reserved 327680K
}
Event: 6.325 GC heap after
{Heap after GC invocations=9 (full 0):
 garbage-first heap   total 262144K, used 50600K [0x00000000e0000000, 0x0000000100000000)
  region size 1024K, 18 young (18432K), 18 survivors (18432K)
 Metaspace       used 58147K, committed 60096K, reserved 393216K
  class space    used 8229K, committed 9216K, reserved 327680K
}
Event: 7.914 GC heap before
{Heap before GC invocations=10 (full 0):
 garbage-first heap   total 262144K, used 188840K [0x00000000e0000000, 0x0000000100000000)
  region size 1024K, 153 young (156672K), 18 survivors (18432K)
 Metaspace       used 63193K, committed 65344K, reserved 393216K
  class space    used 8919K, committed 10048K, reserved 327680K
}
Event: 7.923 GC heap after
{Heap after GC invocations=11 (full 0):
 garbage-first heap   total 262144K, used 56193K [0x00000000e0000000, 0x0000000100000000)
  region size 1024K, 17 young (17408K), 17 survivors (17408K)
 Metaspace       used 63193K, committed 65344K, reserved 393216K
  class space    used 8919K, committed 10048K, reserved 327680K
}

